<?xml version="1.0" encoding="UTF-8"?>
<!-- Generated by org.testng.reporters.JUnitXMLReporter -->
<testsuite ignored="0" hostname="LTIN174984" failures="0" tests="7" name="Test" time="58.462" errors="0" timestamp="2024-02-28T17:02:20 IST">
  <testcase classname="testCases.TestCase" name="carLoanValidation" time="3.432"/>
  <testcase classname="testCases.TestCase" name="homeLoanValidation" time="21.232"/>
  <testcase classname="testCases.TestCase" name="UIcheck" time="3.545"/>
  <testcase classname="testCases.TestCase" name="emiCalulatorValidation" time="0.531"/>
  <testcase classname="testCases.TestCase" name="loanCalculatorUICheck" time="2.755"/>
  <testcase classname="testCases.TestCase" name="loanCalulatorValidation" time="0.59"/>
  <testcase classname="testCases.TestCase" name="loanTenureCalculator" time="0.924"/>
</testsuite> <!-- Test -->
