<?xml version="1.0" encoding="UTF-8"?>
<!-- Generated by org.testng.reporters.JUnitXMLReporter -->
<testsuite ignored="0" hostname="LTIN174984" failures="0" tests="7" name="Test" time="72.27" errors="0" timestamp="2024-03-01T15:06:36 IST">
  <testcase classname="testCases.TestCase" name="carLoanValidation" time="2.173"/>
  <testcase classname="testCases.TestCase" name="homeLoanValidation" time="11.725"/>
  <testcase classname="testCases.TestCase" name="UIcheck" time="4.073"/>
  <testcase classname="testCases.TestCase" name="emiCalulatorValidation" time="0.612"/>
  <testcase classname="testCases.TestCase" name="loanCalculatorUICheck" time="1.869"/>
  <testcase classname="testCases.TestCase" name="loanCalulatorValidation" time="0.441"/>
  <testcase classname="testCases.TestCase" name="loanTenureCalculator" time="0.714"/>
</testsuite> <!-- Test -->
