<?xml version="1.0" encoding="UTF-8"?>
<testng-results ignored="0" total="7" passed="7" failed="0" skipped="0">
  <reporter-output>
  </reporter-output>
  <suite started-at="2024-03-01T15:05:23 IST" name="Suite" finished-at="2024-03-01T15:06:36 IST" duration-ms="72270">
    <groups>
    </groups>
    <test started-at="2024-03-01T15:05:23 IST" name="Test" finished-at="2024-03-01T15:06:36 IST" duration-ms="72270">
      <class name="testCases.TestCase">
        <test-method is-config="true" signature="openApp(java.lang.String,java.lang.String)[pri:0, instance:testCases.TestCase@6e171cd7]" started-at="2024-03-01T15:05:24 IST" name="openApp" finished-at="2024-03-01T15:06:13 IST" duration-ms="48834" status="PASS">
          <params>
            <param index="0">
              <value>
                <![CDATA[windows]]>
              </value>
            </param>
            <param index="1">
              <value>
                <![CDATA[chrome]]>
              </value>
            </param>
          </params>
          <reporter-output>
          </reporter-output>
        </test-method> <!-- openApp -->
        <test-method signature="carLoanValidation()[pri:1, instance:testCases.TestCase@6e171cd7]" started-at="2024-03-01T15:06:13 IST" name="carLoanValidation" finished-at="2024-03-01T15:06:15 IST" duration-ms="2173" status="PASS">
          <reporter-output>
          </reporter-output>
        </test-method> <!-- carLoanValidation -->
        <test-method signature="homeLoanValidation()[pri:2, instance:testCases.TestCase@6e171cd7]" started-at="2024-03-01T15:06:15 IST" name="homeLoanValidation" finished-at="2024-03-01T15:06:27 IST" duration-ms="11725" status="PASS">
          <reporter-output>
          </reporter-output>
        </test-method> <!-- homeLoanValidation -->
        <test-method signature="UIcheck()[pri:3, instance:testCases.TestCase@6e171cd7]" started-at="2024-03-01T15:06:27 IST" name="UIcheck" finished-at="2024-03-01T15:06:31 IST" duration-ms="4073" status="PASS">
          <reporter-output>
          </reporter-output>
        </test-method> <!-- UIcheck -->
        <test-method signature="emiCalulatorValidation()[pri:4, instance:testCases.TestCase@6e171cd7]" started-at="2024-03-01T15:06:31 IST" name="emiCalulatorValidation" finished-at="2024-03-01T15:06:31 IST" duration-ms="612" status="PASS">
          <reporter-output>
          </reporter-output>
        </test-method> <!-- emiCalulatorValidation -->
        <test-method signature="loanCalculatorUICheck()[pri:5, instance:testCases.TestCase@6e171cd7]" started-at="2024-03-01T15:06:31 IST" name="loanCalculatorUICheck" finished-at="2024-03-01T15:06:33 IST" duration-ms="1869" status="PASS">
          <reporter-output>
          </reporter-output>
        </test-method> <!-- loanCalculatorUICheck -->
        <test-method signature="loanCalulatorValidation()[pri:6, instance:testCases.TestCase@6e171cd7]" started-at="2024-03-01T15:06:33 IST" name="loanCalulatorValidation" finished-at="2024-03-01T15:06:34 IST" duration-ms="441" status="PASS">
          <reporter-output>
          </reporter-output>
        </test-method> <!-- loanCalulatorValidation -->
        <test-method signature="loanTenureCalculator()[pri:7, instance:testCases.TestCase@6e171cd7]" started-at="2024-03-01T15:06:34 IST" name="loanTenureCalculator" finished-at="2024-03-01T15:06:34 IST" duration-ms="714" status="PASS">
          <reporter-output>
          </reporter-output>
        </test-method> <!-- loanTenureCalculator -->
        <test-method is-config="true" signature="closeBrowser()[pri:0, instance:testCases.TestCase@6e171cd7]" started-at="2024-03-01T15:06:34 IST" name="closeBrowser" finished-at="2024-03-01T15:06:36 IST" duration-ms="1319" status="PASS">
          <reporter-output>
          </reporter-output>
        </test-method> <!-- closeBrowser -->
      </class> <!-- testCases.TestCase -->
    </test> <!-- Test -->
  </suite> <!-- Suite -->
</testng-results>
