<?xml version="1.0" encoding="UTF-8"?>
<testsuite xmlns:xsi="http://www.w3.org/2001/XMLSchema-instance" xsi:noNamespaceSchemaLocation="https://maven.apache.org/surefire/maven-surefire-plugin/xsd/surefire-test-report-3.0.xsd" version="3.0" name="TestSuite" time="73.837" tests="7" errors="0" skipped="0" failures="0">
  <properties>
[...]
</properties>
  <testcase name="carLoanValidation" classname="testCases.TestCase" time="2.185">
    <system-out><![CDATA[PrincipalAmount: ₹ 1,19,650
InterestAmount:₹ 11,875
---------Car Loan Verified-----------
]]></system-out>
    <system-err><![CDATA[SLF4J: Failed to load class "org.slf4j.impl.StaticLoggerBinder".
SLF4J: Defaulting to no-operation (NOP) logger implementation
SLF4J: See http://www.slf4j.org/codes.html#StaticLoggerBinder for further details.
]]></system-err>
  </testcase>
  <testcase name="homeLoanValidation" classname="testCases.TestCase" time="11.724">
    <system-out><![CDATA[[Year, Principal
(A), Interest
(B), Taxes, Home Insurance & Maintenance (C), Total Payment
(A + B + C), Balance, Loan Paid To Date]
.....row =2024
.....row =₹ 1,71,591
.....row =₹ 2,35,038
.....row =₹ 35,000
.....row =₹ 4,41,629
.....row =₹ 30,38,409
.....row =5.35%
.....row =2025
.....row =₹ 2,23,571
.....row =₹ 2,64,384
.....row =₹ 42,000
.....row =₹ 5,29,955
.....row =₹ 28,14,838
.....row =12.31%
.....row =2026
.....row =₹ 2,44,544
.....row =₹ 2,43,411
.....row =₹ 42,000
.....row =₹ 5,29,955
.....row =₹ 25,70,294
.....row =19.93%
.....row =2027
.....row =₹ 2,67,484
.....row =₹ 2,20,471
.....row =₹ 42,000
.....row =₹ 5,29,955
.....row =₹ 23,02,810
.....row =28.26%
.....row =2028
.....row =₹ 2,92,576
.....row =₹ 1,95,380
.....row =₹ 42,000
.....row =₹ 5,29,955
.....row =₹ 20,10,234
.....row =37.38%
.....row =2029
.....row =₹ 3,20,021
.....row =₹ 1,67,934
.....row =₹ 42,000
.....row =₹ 5,29,955
.....row =₹ 16,90,213
.....row =47.35%
.....row =2030
.....row =₹ 3,50,041
.....row =₹ 1,37,914
.....row =₹ 42,000
.....row =₹ 5,29,955
.....row =₹ 13,40,172
.....row =58.25%
.....row =2031
.....row =₹ 3,82,878
.....row =₹ 1,05,077
.....row =₹ 42,000
.....row =₹ 5,29,955
.....row =₹ 9,57,294
.....row =70.18%
.....row =2032
.....row =₹ 4,18,794
.....row =₹ 69,161
.....row =₹ 42,000
.....row =₹ 5,29,955
.....row =₹ 5,38,500
.....row =83.22%
.....row =2033
.....row =₹ 4,58,080
.....row =₹ 29,875
.....row =₹ 42,000
.....row =₹ 5,29,955
.....row =₹ 80,420
.....row =97.49%
.....row =2034
.....row =₹ 80,420
.....row =₹ 906
.....row =₹ 7,000
.....row =₹ 88,326
.....row =₹ 0
.....row =100%
----------Home Loan Verified--------------
]]></system-out>
  </testcase>
  <testcase name="UIcheck" classname="testCases.TestCase" time="4.073">
    <system-out><![CDATA[Loan amount Text Box is Displayed
Interest amount Text Box is Displayed
Term Text Box is Displayed
Fee amount Text Box is Displayed
Loan amount Slider is Enabled
]]></system-out>
  </testcase>
  <testcase name="emiCalulatorValidation" classname="testCases.TestCase" time="0.613">
    <system-out><![CDATA[----------EMI Calculator Verified-------------
]]></system-out>
  </testcase>
  <testcase name="loanCalculatorUICheck" classname="testCases.TestCase" time="1.868">
    <system-out><![CDATA[EMI Text Box is Displayed
Interest amount Text Box is Displayed
Term Text Box is Displayed
Fee Text Box is Displayed
Loan amount Slider is Enabled
]]></system-out>
  </testcase>
  <testcase name="loanCalulatorValidation" classname="testCases.TestCase" time="0.442">
    <system-out><![CDATA[------------Loan Calculator Verified--------------
]]></system-out>
  </testcase>
  <testcase name="loanTenureCalculator" classname="testCases.TestCase" time="0.713">
    <system-out><![CDATA[EMI Text Box is Displayed
Interest amount Text Box is Displayed
Loan amount Text Box is Displayed
Fee amount Text Box is Displayed
Loan amount Slider is Enabled
------------UI Check Verified--------------
]]></system-out>
  </testcase>
</testsuite>