<?xml version="1.0" encoding="UTF-8"?>
<testng-results ignored="0" total="7" passed="7" failed="0" skipped="0">
  <reporter-output>
  </reporter-output>
  <suite started-at="2024-02-28T17:01:20 IST" name="Suite" finished-at="2024-02-28T17:02:19 IST" duration-ms="58462">
    <groups>
    </groups>
    <test started-at="2024-02-28T17:01:20 IST" name="Test" finished-at="2024-02-28T17:02:19 IST" duration-ms="58462">
      <class name="testCases.TestCase">
        <test-method is-config="true" signature="openApp(java.lang.String,java.lang.String)[pri:0, instance:testCases.TestCase@179ece50]" started-at="2024-02-28T17:01:21 IST" name="openApp" finished-at="2024-02-28T17:01:44 IST" duration-ms="22928" status="PASS">
          <params>
            <param index="0">
              <value>
                <![CDATA[windows]]>
              </value>
            </param>
            <param index="1">
              <value>
                <![CDATA[chrome]]>
              </value>
            </param>
          </params>
          <reporter-output>
          </reporter-output>
        </test-method> <!-- openApp -->
        <test-method signature="carLoanValidation()[pri:1, instance:testCases.TestCase@179ece50]" started-at="2024-02-28T17:01:44 IST" name="carLoanValidation" finished-at="2024-02-28T17:01:48 IST" duration-ms="3432" status="PASS">
          <reporter-output>
          </reporter-output>
        </test-method> <!-- carLoanValidation -->
        <test-method signature="homeLoanValidation()[pri:2, instance:testCases.TestCase@179ece50]" started-at="2024-02-28T17:01:48 IST" name="homeLoanValidation" finished-at="2024-02-28T17:02:09 IST" duration-ms="21232" status="PASS">
          <reporter-output>
          </reporter-output>
        </test-method> <!-- homeLoanValidation -->
        <test-method signature="UIcheck()[pri:3, instance:testCases.TestCase@179ece50]" started-at="2024-02-28T17:02:09 IST" name="UIcheck" finished-at="2024-02-28T17:02:13 IST" duration-ms="3545" status="PASS">
          <reporter-output>
          </reporter-output>
        </test-method> <!-- UIcheck -->
        <test-method signature="emiCalulatorValidation()[pri:4, instance:testCases.TestCase@179ece50]" started-at="2024-02-28T17:02:13 IST" name="emiCalulatorValidation" finished-at="2024-02-28T17:02:13 IST" duration-ms="531" status="PASS">
          <reporter-output>
          </reporter-output>
        </test-method> <!-- emiCalulatorValidation -->
        <test-method signature="loanCalculatorUICheck()[pri:5, instance:testCases.TestCase@179ece50]" started-at="2024-02-28T17:02:13 IST" name="loanCalculatorUICheck" finished-at="2024-02-28T17:02:16 IST" duration-ms="2755" status="PASS">
          <reporter-output>
          </reporter-output>
        </test-method> <!-- loanCalculatorUICheck -->
        <test-method signature="loanCalulatorValidation()[pri:6, instance:testCases.TestCase@179ece50]" started-at="2024-02-28T17:02:16 IST" name="loanCalulatorValidation" finished-at="2024-02-28T17:02:16 IST" duration-ms="590" status="PASS">
          <reporter-output>
          </reporter-output>
        </test-method> <!-- loanCalulatorValidation -->
        <test-method signature="loanTenureCalculator()[pri:7, instance:testCases.TestCase@179ece50]" started-at="2024-02-28T17:02:16 IST" name="loanTenureCalculator" finished-at="2024-02-28T17:02:17 IST" duration-ms="924" status="PASS">
          <reporter-output>
          </reporter-output>
        </test-method> <!-- loanTenureCalculator -->
        <test-method is-config="true" signature="closeBrowser()[pri:0, instance:testCases.TestCase@179ece50]" started-at="2024-02-28T17:02:17 IST" name="closeBrowser" finished-at="2024-02-28T17:02:19 IST" duration-ms="1356" status="PASS">
          <reporter-output>
          </reporter-output>
        </test-method> <!-- closeBrowser -->
      </class> <!-- testCases.TestCase -->
    </test> <!-- Test -->
  </suite> <!-- Suite -->
</testng-results>
